#-----------------------------------------------------------
# Webtalk v2015.4 (64-bit)
# SW Build 1412921 on Wed Nov 18 09:43:45 MST 2015
# 
# Start of session at: Fri Jan 15 09:32:52 2021
# Process ID: 14164
# Current directory: E:/Benchmaking_DI/Software/webtalk
# Command line: wbtcv.exe -mode batch -source sdk_webtalk.tcl
# Log file: E:/Benchmaking_DI/Software/webtalk/webtalk.log
# Journal file: E:/Benchmaking_DI/Software/webtalk\webtalk.jou
#-----------------------------------------------------------
source sdk_webtalk.tcl
# webtalk_init -webtalk_dir E:\\Benchmaking_DI\\Software\\webtalk
# webtalk_register_client -client project
# webtalk_add_data -client project -key date_generated -value "星期五 一月 15 09:32:50 2021" -context "software_version_and_target_device"
# webtalk_add_data -client project -key product_version -value "SDK v2015.4" -context "software_version_and_target_device"
# webtalk_add_data -client project -key build_version -value "2015.4" -context "software_version_and_target_device"
# webtalk_add_data -client project -key os_platform -value "amd64" -context "software_version_and_target_device"
# webtalk_add_data -client project -key registration_id -value "" -context "software_version_and_target_device"
# webtalk_add_data -client project -key tool_flow -value "SDK" -context "software_version_and_target_device"
# webtalk_add_data -client project -key beta -value "false" -context "software_version_and_target_device"
# webtalk_add_data -client project -key route_design -value "NA" -context "software_version_and_target_device"
# webtalk_add_data -client project -key target_family -value "NA" -context "software_version_and_target_device"
# webtalk_add_data -client project -key target_device -value "NA" -context "software_version_and_target_device"
# webtalk_add_data -client project -key target_package -value "NA" -context "software_version_and_target_device"
# webtalk_add_data -client project -key target_speed -value "NA" -context "software_version_and_target_device"
# webtalk_add_data -client project -key random_id -value "qjsl4sc35cill1qq7smgnuj79p" -context "software_version_and_target_device"
# webtalk_add_data -client project -key project_id -value "2015.4_28" -context "software_version_and_target_device"
# webtalk_add_data -client project -key project_iteration -value "28" -context "software_version_and_target_device"
# webtalk_add_data -client project -key os_name -value "" -context "user_environment"
# webtalk_add_data -client project -key os_release -value "" -context "user_environment"
# webtalk_add_data -client project -key cpu_name -value "" -context "user_environment"
# webtalk_add_data -client project -key cpu_speed -value "" -context "user_environment"
# webtalk_add_data -client project -key total_processors -value "" -context "user_environment"
# webtalk_add_data -client project -key system_ram -value "" -context "user_environment"
# webtalk_register_client -client sdk
# webtalk_add_data -client sdk -key uid -value "1610672996968" -context "sdk\\\\hardware/1610672996968"
# webtalk_add_data -client sdk -key isZynq -value "true" -context "sdk\\\\hardware/1610672996968"
# webtalk_add_data -client sdk -key Processors -value "2" -context "sdk\\\\hardware/1610672996968"
# webtalk_add_data -client sdk -key VivadoVersion -value "2015.4" -context "sdk\\\\hardware/1610672996968"
# webtalk_add_data -client sdk -key Arch -value "zynq" -context "sdk\\\\hardware/1610672996968"
# webtalk_add_data -client sdk -key Device -value "7z015" -context "sdk\\\\hardware/1610672996968"
# webtalk_add_data -client sdk -key IsHandoff -value "true" -context "sdk\\\\hardware/1610672996968"
# webtalk_add_data -client sdk -key uid -value "1610673026350" -context "sdk\\\\bsp/1610673026350"
# webtalk_add_data -client sdk -key hwid -value "1610672996968" -context "sdk\\\\bsp/1610673026350"
# webtalk_add_data -client sdk -key os -value "freertos823_xilinx" -context "sdk\\\\bsp/1610673026350"
# webtalk_add_data -client sdk -key apptemplate -value "empty_application" -context "sdk\\\\bsp/1610673026350"
# webtalk_add_data -client sdk -key uid -value "1610673034808" -context "sdk\\\\application/1610673034808"
# webtalk_add_data -client sdk -key hwid -value "1610672996968" -context "sdk\\\\application/1610673034808"
# webtalk_add_data -client sdk -key bspid -value "1610673026350" -context "sdk\\\\application/1610673034808"
# webtalk_add_data -client sdk -key newbsp -value "true" -context "sdk\\\\application/1610673034808"
# webtalk_add_data -client sdk -key os -value "freertos823_xilinx" -context "sdk\\\\application/1610673034808"
# webtalk_add_data -client sdk -key apptemplate -value "empty_application" -context "sdk\\\\application/1610673034808"
# webtalk_transmit -clientid 1712592624 -regid "" -xml E:\\Benchmaking_DI\\Software\\webtalk\\usage_statistics_ext_sdk.xml -html E:\\Benchmaking_DI\\Software\\webtalk\\usage_statistics_ext_sdk.html -wdm E:\\Benchmaking_DI\\Software\\webtalk\\sdk_webtalk.wdm -intro "<H3>SDK Usage Report</H3><BR>"

    while executing
"webtalk_transmit -clientid 1712592624 -regid "" -xml E:\\Benchmaking_DI\\Software\\webtalk\\usage_statistics_ext_sdk.xml -html E:\\Benchmaking_DI\\Sof..."
    (file "sdk_webtalk.tcl" line 42)
INFO: [Common 17-206] Exiting Webtalk at Fri Jan 15 09:32:56 2021...
